<?xml version="1.0" encoding="UTF-8" ?>
<testsuite errors="0" failures="0" hostname="kevins-mac-mini.lan" name="com.mantiso.kevinj.http.ui.PanelDataTest" skipped="0" tests="4" time="0.372" timestamp="2020-02-26T14:47:18">
  <properties>
[...]
</properties>
  <testcase classname="com.mantiso.kevinj.http.ui.PanelDataTest" name="testAddRequestHeaderListeners" time="0.277" />
  <testcase classname="com.mantiso.kevinj.http.ui.PanelDataTest" name="testAddResponseHeaderListeners" time="0.009" />
  <testcase classname="com.mantiso.kevinj.http.ui.PanelDataTest" name="testAddRequestListeners" time="0.008" />
  <testcase classname="com.mantiso.kevinj.http.ui.PanelDataTest" name="testAddRequestListeners" time="0.006" />
  <system-out><![CDATA[]]></system-out>
  <system-err><![CDATA[]]></system-err>
</testsuite>
